[debug] [2022-04-15T11:37:27.556Z] ----------------------------------------------------------------------
[debug] [2022-04-15T11:37:27.558Z] Command:       C:\Program Files\nodejs\node.exe C:\Users\User\Desktop\Roland Main\artist-block-backend\artist-block-admin-interface\node_modules\firebase-tools\lib\bin\firebase.js init
[debug] [2022-04-15T11:37:27.559Z] CLI Version:   10.6.0
[debug] [2022-04-15T11:37:27.559Z] Platform:      win32
[debug] [2022-04-15T11:37:27.559Z] Node Version:  v14.17.5
[debug] [2022-04-15T11:37:27.560Z] Time:          Fri Apr 15 2022 14:37:27 GMT+0300 (Eastern European Summer Time)
[debug] [2022-04-15T11:37:27.560Z] ----------------------------------------------------------------------
[debug] 
[debug] [2022-04-15T11:37:27.562Z] >>> [apiv2][query] GET https://firebase-public.firebaseio.com/cli.json [none]
[debug] [2022-04-15T11:37:27.580Z] > command requires scopes: ["email","openid","https://www.googleapis.com/auth/cloudplatformprojects.readonly","https://www.googleapis.com/auth/firebase","https://www.googleapis.com/auth/cloud-platform"]
[debug] [2022-04-15T11:37:27.580Z] > authorizing via signed-in user (rolandsalloum60@gmail.com)
[info] 
     ######## #### ########  ######## ########     ###     ######  ########
     ##        ##  ##     ## ##       ##     ##  ##   ##  ##       ##
     ######    ##  ########  ######   ########  #########  ######  ######
     ##        ##  ##    ##  ##       ##     ## ##     ##       ## ##
     ##       #### ##     ## ######## ########  ##     ##  ######  ########

You're about to initialize a Firebase project in this directory:

  C:\Users\User\Desktop\Roland Main\artist-block-backend\artist-block-admin-interface

[debug] [2022-04-15T11:37:28.496Z] <<< [apiv2][status] GET https://firebase-public.firebaseio.com/cli.json 200
[debug] [2022-04-15T11:37:28.496Z] <<< [apiv2][body] GET https://firebase-public.firebaseio.com/cli.json {"cloudBuildErrorAfter":1594252800000,"cloudBuildWarnAfter":1590019200000,"defaultNode10After":1594252800000,"minVersion":"3.0.5","node8DeploysDisabledAfter":1613390400000,"node8RuntimeDisabledAfter":1615809600000,"node8WarnAfter":1600128000000}
